[2m2021-11-18 10:13:20.178[0;39m [32m INFO[0;39m [35m4692[0;39m [2m---[0;39m [2m[  restartedMain][0;39m [36m.e.DevToolsPropertyDefaultsPostProcessor[0;39m [2m:[0;39m Devtools property defaults active! Set 'spring.devtools.add-properties' to 'false' to disable
[2m2021-11-18 10:13:20.179[0;39m [32m INFO[0;39m [35m4692[0;39m [2m---[0;39m [2m[  restartedMain][0;39m [36m.e.DevToolsPropertyDefaultsPostProcessor[0;39m [2m:[0;39m For additional web related logging consider setting the 'logging.level.web' property to 'DEBUG'
[2m2021-11-18 10:13:20.930[0;39m [32m INFO[0;39m [35m4692[0;39m [2m---[0;39m [2m[  restartedMain][0;39m [36mo.s.b.w.embedded.tomcat.TomcatWebServer [0;39m [2m:[0;39m Tomcat initialized with port(s): 9999 (http)
[2m2021-11-18 10:13:20.983[0;39m [32m INFO[0;39m [35m4692[0;39m [2m---[0;39m [2m[  restartedMain][0;39m [36mw.s.c.ServletWebServerApplicationContext[0;39m [2m:[0;39m Root WebApplicationContext: initialization completed in 803 ms
[2m2021-11-18 10:13:21.430[0;39m [32m INFO[0;39m [35m4692[0;39m [2m---[0;39m [2m[  restartedMain][0;39m [36mo.s.b.d.a.OptionalLiveReloadServer      [0;39m [2m:[0;39m LiveReload server is running on port 35729
[2m2021-11-18 10:13:21.566[0;39m [32m INFO[0;39m [35m4692[0;39m [2m---[0;39m [2m[  restartedMain][0;39m [36mo.s.b.w.embedded.tomcat.TomcatWebServer [0;39m [2m:[0;39m Tomcat started on port(s): 9999 (http) with context path '/vue'
[2m2021-11-18 10:13:38.280[0;39m [32m INFO[0;39m [35m4692[0;39m [2m---[0;39m [2m[nio-9999-exec-1][0;39m [36mo.s.web.servlet.DispatcherServlet       [0;39m [2m:[0;39m Initializing Servlet 'dispatcherServlet'
[2m2021-11-18 10:13:38.283[0;39m [32m INFO[0;39m [35m4692[0;39m [2m---[0;39m [2m[nio-9999-exec-1][0;39m [36mo.s.web.servlet.DispatcherServlet       [0;39m [2m:[0;39m Completed initialization in 3 ms
[2m2021-11-18 10:13:38.318[0;39m [32m INFO[0;39m [35m4692[0;39m [2m---[0;39m [2m[nio-9999-exec-1][0;39m [36mcom.ssafy.vue.controller.QnaController  [0;39m [2m:[0;39m listArticle - 호출
[2m2021-11-18 10:13:40.255[0;39m [32m INFO[0;39m [35m4692[0;39m [2m---[0;39m [2m[nio-9999-exec-2][0;39m [36mcom.ssafy.vue.controller.QnaController  [0;39m [2m:[0;39m getArticle - 호출 : 4
[2m2021-11-18 10:13:40.255[0;39m [32mDEBUG[0;39m [35m4692[0;39m [2m---[0;39m [2m[nio-9999-exec-3][0;39m [36mc.s.v.controller.CommentRestController  [0;39m [2m:[0;39m listComment - 호출
[2m2021-11-18 10:13:45.512[0;39m [32mDEBUG[0;39m [35m4692[0;39m [2m---[0;39m [2m[nio-9999-exec-5][0;39m [36mc.s.v.controller.CommentRestController  [0;39m [2m:[0;39m createComment - 호출
[2m2021-11-18 10:13:51.755[0;39m [32m INFO[0;39m [35m4692[0;39m [2m---[0;39m [2m[nio-9999-exec-6][0;39m [36mcom.ssafy.vue.controller.QnaController  [0;39m [2m:[0;39m listArticle - 호출
[2m2021-11-18 10:13:53.571[0;39m [32m INFO[0;39m [35m4692[0;39m [2m---[0;39m [2m[nio-9999-exec-7][0;39m [36mcom.ssafy.vue.controller.QnaController  [0;39m [2m:[0;39m getArticle - 호출 : 4
[2m2021-11-18 10:13:53.577[0;39m [32mDEBUG[0;39m [35m4692[0;39m [2m---[0;39m [2m[nio-9999-exec-8][0;39m [36mc.s.v.controller.CommentRestController  [0;39m [2m:[0;39m listComment - 호출
[2m2021-11-18 10:14:00.128[0;39m [32mDEBUG[0;39m [35m4692[0;39m [2m---[0;39m [2m[io-9999-exec-10][0;39m [36mc.s.v.controller.CommentRestController  [0;39m [2m:[0;39m modifyComment - 호출
[2m2021-11-18 10:14:00.129[0;39m [32mDEBUG[0;39m [35m4692[0;39m [2m---[0;39m [2m[io-9999-exec-10][0;39m [36mc.s.v.controller.CommentRestController  [0;39m [2m:[0;39m com.ssafy.vue.model.CommentDto@606290b1
[2m2021-11-18 10:14:05.117[0;39m [32mDEBUG[0;39m [35m4692[0;39m [2m---[0;39m [2m[nio-9999-exec-1][0;39m [36mc.s.v.controller.CommentRestController  [0;39m [2m:[0;39m modifyComment - 호출
[2m2021-11-18 10:14:05.118[0;39m [32mDEBUG[0;39m [35m4692[0;39m [2m---[0;39m [2m[nio-9999-exec-1][0;39m [36mc.s.v.controller.CommentRestController  [0;39m [2m:[0;39m com.ssafy.vue.model.CommentDto@54b8f7c7
[2m2021-11-18 14:09:50.306[0;39m [32m INFO[0;39m [35m4692[0;39m [2m---[0;39m [2m[(247)-127.0.0.1][0;39m [36minMXBeanRegistrar$SpringApplicationAdmin[0;39m [2m:[0;39m Application shutdown requested.
